sdk-hellovr/build/outputs/logs/manifest-merger-debug-report.txt
-- Merging decision tree log ---
manifest
ADDED from src\main\AndroidManifest.xml:2:1-58:12
INJECTED from src\main\AndroidManifest.xml:2:1-58:12
INJECTED from src\main\AndroidManifest.xml:2:1-58:12
MERGED from [com.google.vr:sdk-audio:1.180.0] AndroidManifest.xml:2:1-9:12
MERGED from [com.google.vr:sdk-base:1.180.0] AndroidManifest.xml:2:1-27:12
MERGED from [com.google.vr:sdk-common:1.180.0] AndroidManifest.xml:2:1-9:12
INJECTED from src\main\AndroidManifest.xml:2:1-58:12
INJECTED from src\main\AndroidManifest.xml:2:1-58:12
	package
		ADDED from src\main\AndroidManifest.xml:3:7-50
	android:versionName
		ADDED from src\main\AndroidManifest.xml:5:7-36
		INJECTED from src\main\AndroidManifest.xml
		INJECTED from src\main\AndroidManifest.xml
	xmlns:android
		ADDED from src\main\AndroidManifest.xml:2:11-69
	android:versionCode
		ADDED from src\main\AndroidManifest.xml:4:7-38
		INJECTED from src\main\AndroidManifest.xml
		INJECTED from src\main\AndroidManifest.xml
uses-sdk
ADDED from src\main\AndroidManifest.xml:8:5-47
INJECTED from src\main\AndroidManifest.xml:8:5-47
MERGED from [com.google.vr:sdk-audio:1.180.0] AndroidManifest.xml:5:5-7:41
MERGED from [com.google.vr:sdk-audio:1.180.0] AndroidManifest.xml:5:5-7:41
MERGED from [com.google.vr:sdk-base:1.180.0] AndroidManifest.xml:6:5-8:41
MERGED from [com.google.vr:sdk-base:1.180.0] AndroidManifest.xml:6:5-8:41
MERGED from [com.google.vr:sdk-common:1.180.0] AndroidManifest.xml:5:5-7:41
MERGED from [com.google.vr:sdk-common:1.180.0] AndroidManifest.xml:5:5-7:41
INJECTED from src\main\AndroidManifest.xml:8:5-47
	android:targetSdkVersion
		ADDED from src\main\AndroidManifest.xml:8:15-44
	android:minSdkVersion
		INJECTED from src\main\AndroidManifest.xml
		ADDED from src\main\AndroidManifest.xml:8:5-47
		INJECTED from src\main\AndroidManifest.xml
uses-feature#0x00020000
ADDED from src\main\AndroidManifest.xml:9:5-78
MERGED from [com.google.vr:sdk-base:1.180.0] AndroidManifest.xml:10:5-12:35
MERGED from [com.google.vr:sdk-base:1.180.0] AndroidManifest.xml:10:5-12:35
	android:glEsVersion
		ADDED from src\main\AndroidManifest.xml:9:19-51
	android:required
		ADDED from src\main\AndroidManifest.xml:9:52-75
uses-permission#android.permission.VIBRATE
ADDED from src\main\AndroidManifest.xml:12:5-65
	android:name
		ADDED from src\main\AndroidManifest.xml:12:22-63
uses-permission#android.permission.READ_EXTERNAL_STORAGE
ADDED from src\main\AndroidManifest.xml:14:5-79
MERGED from [com.google.vr:sdk-base:1.180.0] AndroidManifest.xml:15:5-80
MERGED from [com.google.vr:sdk-base:1.180.0] AndroidManifest.xml:15:5-80
	android:name
		ADDED from src\main\AndroidManifest.xml:14:22-77
uses-feature#android.hardware.sensor.accelerometer
ADDED from src\main\AndroidManifest.xml:17:5-97
	android:required
		ADDED from src\main\AndroidManifest.xml:17:72-95
	android:name
		ADDED from src\main\AndroidManifest.xml:17:19-71
uses-feature#android.hardware.sensor.gyroscope
ADDED from src\main\AndroidManifest.xml:18:5-93
	android:required
		ADDED from src\main\AndroidManifest.xml:18:68-91
	android:name
		ADDED from src\main\AndroidManifest.xml:18:19-67
uses-feature#android.software.vr.mode
ADDED from src\main\AndroidManifest.xml:21:5-85
MERGED from [com.google.vr:sdk-base:1.180.0] AndroidManifest.xml:19:5-21:36
MERGED from [com.google.vr:sdk-base:1.180.0] AndroidManifest.xml:19:5-21:36
	android:required
		ADDED from src\main\AndroidManifest.xml:21:59-83
	android:name
		ADDED from src\main\AndroidManifest.xml:21:19-58
uses-feature#android.hardware.vr.high_performance
ADDED from src\main\AndroidManifest.xml:23:5-97
MERGED from [com.google.vr:sdk-base:1.180.0] AndroidManifest.xml:23:5-25:36
MERGED from [com.google.vr:sdk-base:1.180.0] AndroidManifest.xml:23:5-25:36
	android:required
		ADDED from src\main\AndroidManifest.xml:23:71-95
	android:name
		ADDED from src\main\AndroidManifest.xml:23:19-70
application
ADDED from src\main\AndroidManifest.xml:25:5-57:19
	android:supportsRtl
		ADDED from src\main\AndroidManifest.xml:27:13-39
	android:label
		ADDED from src\main\AndroidManifest.xml:28:13-44
	android:icon
		ADDED from src\main\AndroidManifest.xml:30:13-64
	android:allowBackup
		ADDED from src\main\AndroidManifest.xml:26:13-39
	android:theme
		ADDED from src\main\AndroidManifest.xml:29:13-51
activity#com.google.vr.sdk.samples.hellovr.HelloVrActivity
ADDED from src\main\AndroidManifest.xml:31:9-56:20
	android:screenOrientation
		ADDED from src\main\AndroidManifest.xml:34:17-54
	android:label
		ADDED from src\main\AndroidManifest.xml:33:17-49
	android:enableVrMode
		ADDED from src\main\AndroidManifest.xml:36:17-69
	android:resizeableActivity
		ADDED from src\main\AndroidManifest.xml:37:17-51
	android:configChanges
		ADDED from src\main\AndroidManifest.xml:35:17-104
	android:name
		ADDED from src\main\AndroidManifest.xml:32:17-48
meta-data#com.google.android.vr.icon
ADDED from src\main\AndroidManifest.xml:40:13-41:75
	android:resource
		ADDED from src\main\AndroidManifest.xml:41:24-72
	android:name
		ADDED from src\main\AndroidManifest.xml:40:24-65
meta-data#com.google.android.vr.icon_background
ADDED from src\main\AndroidManifest.xml:42:13-43:74
	android:resource
		ADDED from src\main\AndroidManifest.xml:43:24-71
	android:name
		ADDED from src\main\AndroidManifest.xml:42:24-76
intent-filter#android.intent.action.MAIN+android.intent.category.LAUNCHER+com.google.intent.category.CARDBOARD+com.google.intent.category.DAYDREAM
ADDED from src\main\AndroidManifest.xml:45:13-55:29
action#android.intent.action.MAIN
ADDED from src\main\AndroidManifest.xml:46:17-69
	android:name
		ADDED from src\main\AndroidManifest.xml:46:25-66
category#android.intent.category.LAUNCHER
ADDED from src\main\AndroidManifest.xml:47:17-77
	android:name
		ADDED from src\main\AndroidManifest.xml:47:27-74
category#com.google.intent.category.CARDBOARD
ADDED from src\main\AndroidManifest.xml:48:17-81
	android:name
		ADDED from src\main\AndroidManifest.xml:48:27-78
category#com.google.intent.category.DAYDREAM
ADDED from src\main\AndroidManifest.xml:54:17-80
	android:name
		ADDED from src\main\AndroidManifest.xml:54:27-77
uses-permission#android.permission.WRITE_EXTERNAL_STORAGE
ADDED from [com.google.vr:sdk-base:1.180.0] AndroidManifest.xml:16:5-81
	android:name
		ADDED from [com.google.vr:sdk-base:1.180.0] AndroidManifest.xml:16:22-78